0 info it worked if it ends with ok
1 verbose cli [ 'C:\\Program Files\\nodejs\\node.exe',
1 verbose cli   'C:\\Users\\Devin\\AppData\\Roaming\\npm\\node_modules\\npm\\bin\\npm-cli.js',
1 verbose cli   'install',
1 verbose cli   'sleep' ]
2 info using npm@4.0.5
3 info using node@v6.11.2
4 silly loadCurrentTree Starting
5 silly install loadCurrentTree
6 silly install readLocalPackageData
7 silly fetchPackageMetaData sleep
8 silly fetchNamedPackageData sleep
9 silly mapToRegistry name sleep
10 silly mapToRegistry using default registry
11 silly mapToRegistry registry https://registry.npmjs.org/
12 silly mapToRegistry data Result {
12 silly mapToRegistry   raw: 'sleep',
12 silly mapToRegistry   scope: null,
12 silly mapToRegistry   escapedName: 'sleep',
12 silly mapToRegistry   name: 'sleep',
12 silly mapToRegistry   rawSpec: '',
12 silly mapToRegistry   spec: 'latest',
12 silly mapToRegistry   type: 'tag' }
13 silly mapToRegistry uri https://registry.npmjs.org/sleep
14 verbose request uri https://registry.npmjs.org/sleep
15 verbose request no auth needed
16 info attempt registry request try #1 at 9:59:21 AM
17 verbose request id 56261407103d19db
18 verbose etag "5a676fea-575b"
19 verbose lastModified Tue, 23 Jan 2018 17:24:58 GMT
20 http request GET https://registry.npmjs.org/sleep
21 http 304 https://registry.npmjs.org/sleep
22 verbose headers { date: 'Sun, 29 Apr 2018 16:59:22 GMT',
22 verbose headers   via: '1.1 varnish',
22 verbose headers   'cache-control': 'max-age=300',
22 verbose headers   etag: '"5a676fea-575b"',
22 verbose headers   age: '10576',
22 verbose headers   connection: 'keep-alive',
22 verbose headers   'x-served-by': 'cache-lax8643-LAX',
22 verbose headers   'x-cache': 'HIT',
22 verbose headers   'x-cache-hits': '1',
22 verbose headers   'x-timer': 'S1525021163.709876,VS0,VE1',
22 verbose headers   vary: 'Accept-Encoding, Accept' }
23 silly get cb [ 304,
23 silly get   { date: 'Sun, 29 Apr 2018 16:59:22 GMT',
23 silly get     via: '1.1 varnish',
23 silly get     'cache-control': 'max-age=300',
23 silly get     etag: '"5a676fea-575b"',
23 silly get     age: '10576',
23 silly get     connection: 'keep-alive',
23 silly get     'x-served-by': 'cache-lax8643-LAX',
23 silly get     'x-cache': 'HIT',
23 silly get     'x-cache-hits': '1',
23 silly get     'x-timer': 'S1525021163.709876,VS0,VE1',
23 silly get     vary: 'Accept-Encoding, Accept' } ]
24 verbose etag https://registry.npmjs.org/sleep from cache
25 verbose get saving sleep to C:\Users\Devin\AppData\Roaming\npm-cache\registry.npmjs.org\sleep\.cache.json
26 verbose correctMkdir C:\Users\Devin\AppData\Roaming\npm-cache correctMkdir not in flight; initializing
27 silly install normalizeTree
28 silly loadCurrentTree Finishing
29 silly loadIdealTree Starting
30 silly install loadIdealTree
31 silly cloneCurrentTree Starting
32 silly install cloneCurrentTreeToIdealTree
33 silly cloneCurrentTree Finishing
34 silly loadShrinkwrap Starting
35 silly install loadShrinkwrap
36 silly loadShrinkwrap Finishing
37 silly loadAllDepsIntoIdealTree Starting
38 silly install loadAllDepsIntoIdealTree
39 silly resolveWithNewModule sleep@5.1.1 checking installable status
40 silly cache add args [ 'sleep', null ]
41 verbose cache add spec sleep
42 silly cache add parsed spec Result {
42 silly cache add   raw: 'sleep',
42 silly cache add   scope: null,
42 silly cache add   escapedName: 'sleep',
42 silly cache add   name: 'sleep',
42 silly cache add   rawSpec: '',
42 silly cache add   spec: 'latest',
42 silly cache add   type: 'tag' }
43 silly addNamed sleep@latest
44 verbose addNamed "latest" is being treated as a dist-tag for sleep
45 info addNameTag [ 'sleep', 'latest' ]
46 silly mapToRegistry name sleep
47 silly mapToRegistry using default registry
48 silly mapToRegistry registry https://registry.npmjs.org/
49 silly mapToRegistry data Result {
49 silly mapToRegistry   raw: 'sleep',
49 silly mapToRegistry   scope: null,
49 silly mapToRegistry   escapedName: 'sleep',
49 silly mapToRegistry   name: 'sleep',
49 silly mapToRegistry   rawSpec: '',
49 silly mapToRegistry   spec: 'latest',
49 silly mapToRegistry   type: 'tag' }
50 silly mapToRegistry uri https://registry.npmjs.org/sleep
51 verbose addNameTag registry:https://registry.npmjs.org/sleep not in flight; fetching
52 verbose get https://registry.npmjs.org/sleep not expired, no request
53 silly addNameTag next cb for sleep with tag latest
54 silly addNamed sleep@5.1.1
55 verbose addNamed "5.1.1" is a plain semver version for sleep
56 silly cache afterAdd sleep@5.1.1
57 verbose afterAdd C:\Users\Devin\AppData\Roaming\npm-cache\sleep\5.1.1\package\package.json not in flight; writing
58 verbose correctMkdir C:\Users\Devin\AppData\Roaming\npm-cache correctMkdir not in flight; initializing
59 verbose afterAdd C:\Users\Devin\AppData\Roaming\npm-cache\sleep\5.1.1\package\package.json written
60 silly fetchNamedPackageData nan
61 silly mapToRegistry name nan
62 silly mapToRegistry using default registry
63 silly mapToRegistry registry https://registry.npmjs.org/
64 silly mapToRegistry data Result {
64 silly mapToRegistry   raw: 'nan',
64 silly mapToRegistry   scope: null,
64 silly mapToRegistry   escapedName: 'nan',
64 silly mapToRegistry   name: 'nan',
64 silly mapToRegistry   rawSpec: '',
64 silly mapToRegistry   spec: 'latest',
64 silly mapToRegistry   type: 'tag' }
65 silly mapToRegistry uri https://registry.npmjs.org/nan
66 verbose request uri https://registry.npmjs.org/nan
67 verbose request no auth needed
68 info attempt registry request try #1 at 9:59:22 AM
69 verbose etag "5aabecc7-229f2"
70 verbose lastModified Fri, 16 Mar 2018 16:11:51 GMT
71 http request GET https://registry.npmjs.org/nan
72 http 304 https://registry.npmjs.org/nan
73 verbose headers { date: 'Sun, 29 Apr 2018 16:59:22 GMT',
73 verbose headers   via: '1.1 varnish',
73 verbose headers   'cache-control': 'max-age=300',
73 verbose headers   etag: '"5aabecc7-229f2"',
73 verbose headers   age: '6219',
73 verbose headers   connection: 'keep-alive',
73 verbose headers   'x-served-by': 'cache-lax8643-LAX',
73 verbose headers   'x-cache': 'HIT',
73 verbose headers   'x-cache-hits': '8',
73 verbose headers   'x-timer': 'S1525021163.921027,VS0,VE0',
73 verbose headers   vary: 'Accept-Encoding, Accept' }
74 silly get cb [ 304,
74 silly get   { date: 'Sun, 29 Apr 2018 16:59:22 GMT',
74 silly get     via: '1.1 varnish',
74 silly get     'cache-control': 'max-age=300',
74 silly get     etag: '"5aabecc7-229f2"',
74 silly get     age: '6219',
74 silly get     connection: 'keep-alive',
74 silly get     'x-served-by': 'cache-lax8643-LAX',
74 silly get     'x-cache': 'HIT',
74 silly get     'x-cache-hits': '8',
74 silly get     'x-timer': 'S1525021163.921027,VS0,VE0',
74 silly get     vary: 'Accept-Encoding, Accept' } ]
75 verbose etag https://registry.npmjs.org/nan from cache
76 verbose get saving nan to C:\Users\Devin\AppData\Roaming\npm-cache\registry.npmjs.org\nan\.cache.json
77 verbose correctMkdir C:\Users\Devin\AppData\Roaming\npm-cache correctMkdir not in flight; initializing
78 silly resolveWithNewModule nan@2.10.0 checking installable status
79 silly cache add args [ 'nan@>=2.5.1', null ]
80 verbose cache add spec nan@>=2.5.1
81 silly cache add parsed spec Result {
81 silly cache add   raw: 'nan@>=2.5.1',
81 silly cache add   scope: null,
81 silly cache add   escapedName: 'nan',
81 silly cache add   name: 'nan',
81 silly cache add   rawSpec: '>=2.5.1',
81 silly cache add   spec: '>=2.5.1',
81 silly cache add   type: 'range' }
82 silly addNamed nan@>=2.5.1
83 verbose addNamed ">=2.5.1" is a valid semver range for nan
84 silly addNameRange { name: 'nan', range: '>=2.5.1', hasData: false }
85 silly mapToRegistry name nan
86 silly mapToRegistry using default registry
87 silly mapToRegistry registry https://registry.npmjs.org/
88 silly mapToRegistry data Result {
88 silly mapToRegistry   raw: 'nan',
88 silly mapToRegistry   scope: null,
88 silly mapToRegistry   escapedName: 'nan',
88 silly mapToRegistry   name: 'nan',
88 silly mapToRegistry   rawSpec: '',
88 silly mapToRegistry   spec: 'latest',
88 silly mapToRegistry   type: 'tag' }
89 silly mapToRegistry uri https://registry.npmjs.org/nan
90 verbose addNameRange registry:https://registry.npmjs.org/nan not in flight; fetching
91 verbose get https://registry.npmjs.org/nan not expired, no request
92 silly addNameRange number 2 { name: 'nan', range: '>=2.5.1', hasData: true }
93 silly addNameRange versions [ 'nan',
93 silly addNameRange   [ '0.3.0-wip',
93 silly addNameRange     '0.3.0-wip2',
93 silly addNameRange     '0.3.0',
93 silly addNameRange     '0.3.1',
93 silly addNameRange     '0.3.2',
93 silly addNameRange     '0.4.0',
93 silly addNameRange     '0.4.1',
93 silly addNameRange     '0.4.2',
93 silly addNameRange     '0.4.3',
93 silly addNameRange     '0.4.4',
93 silly addNameRange     '0.5.0',
93 silly addNameRange     '0.5.1',
93 silly addNameRange     '0.5.2',
93 silly addNameRange     '0.6.0',
93 silly addNameRange     '0.7.0',
93 silly addNameRange     '0.7.1',
93 silly addNameRange     '0.8.0',
93 silly addNameRange     '1.0.0',
93 silly addNameRange     '1.1.0',
93 silly addNameRange     '1.1.1',
93 silly addNameRange     '1.1.2',
93 silly addNameRange     '1.2.0',
93 silly addNameRange     '1.3.0',
93 silly addNameRange     '1.4.0',
93 silly addNameRange     '1.4.1',
93 silly addNameRange     '1.5.0',
93 silly addNameRange     '1.4.2',
93 silly addNameRange     '1.4.3',
93 silly addNameRange     '1.5.1',
93 silly addNameRange     '1.5.2',
93 silly addNameRange     '1.6.0',
93 silly addNameRange     '1.5.3',
93 silly addNameRange     '1.6.1',
93 silly addNameRange     '1.6.2',
93 silly addNameRange     '1.7.0',
93 silly addNameRange     '1.8.0',
93 silly addNameRange     '1.8.1',
93 silly addNameRange     '1.8.2',
93 silly addNameRange     '1.8.3',
93 silly addNameRange     '1.8.4',
93 silly addNameRange     '1.9.0',
93 silly addNameRange     '2.0.0',
93 silly addNameRange     '2.0.1',
93 silly addNameRange     '2.0.2',
93 silly addNameRange     '2.0.3',
93 silly addNameRange     '2.0.4',
93 silly addNameRange     '2.0.5',
93 silly addNameRange     '2.0.6',
93 silly addNameRange     '2.0.7',
93 silly addNameRange     '2.0.8',
93 silly addNameRange     '2.0.9',
93 silly addNameRange     '2.1.0',
93 silly addNameRange     '2.2.0',
93 silly addNameRange     '2.2.1',
93 silly addNameRange     '2.3.0',
93 silly addNameRange     '2.3.1',
93 silly addNameRange     '2.3.2',
93 silly addNameRange     '2.3.3',
93 silly addNameRange     '2.3.4',
93 silly addNameRange     '2.3.5',
93 silly addNameRange     '2.4.0',
93 silly addNameRange     '2.5.0',
93 silly addNameRange     '2.5.1',
93 silly addNameRange     '2.6.0',
93 silly addNameRange     '2.6.1',
93 silly addNameRange     '2.6.2',
93 silly addNameRange     '2.7.0',
93 silly addNameRange     '2.8.0',
93 silly addNameRange     '2.9.1',
93 silly addNameRange     '2.9.2',
93 silly addNameRange     '2.10.0' ] ]
94 silly addNamed nan@2.10.0
95 verbose addNamed "2.10.0" is a plain semver version for nan
96 silly cache afterAdd nan@2.10.0
97 verbose afterAdd C:\Users\Devin\AppData\Roaming\npm-cache\nan\2.10.0\package\package.json not in flight; writing
98 verbose correctMkdir C:\Users\Devin\AppData\Roaming\npm-cache correctMkdir not in flight; initializing
99 verbose afterAdd C:\Users\Devin\AppData\Roaming\npm-cache\nan\2.10.0\package\package.json written
100 silly loadAllDepsIntoIdealTree Finishing
101 silly loadIdealTree Finishing
102 silly currentTree bot
102 silly currentTree +-- after@0.8.2
102 silly currentTree +-- ajv@4.11.8
102 silly currentTree +-- arraybuffer.slice@0.0.6
102 silly currentTree +-- asn1@0.2.3
102 silly currentTree +-- assert-plus@0.2.0
102 silly currentTree +-- async@0.2.10
102 silly currentTree +-- asynckit@0.4.0
102 silly currentTree +-- aws-sign2@0.6.0
102 silly currentTree +-- aws4@1.6.0
102 silly currentTree +-- balanced-match@1.0.0
102 silly currentTree +-- base64-arraybuffer@0.1.5
102 silly currentTree +-- bcrypt-pbkdf@1.0.1
102 silly currentTree +-- better-assert@1.0.2
102 silly currentTree +-- bignumber.js@4.0.4
102 silly currentTree +-- bl@0.9.5
102 silly currentTree +-- blob@0.0.4
102 silly currentTree +-- boom@2.10.1
102 silly currentTree +-- brace-expansion@1.1.8
102 silly currentTree +-- callsite@1.0.0
102 silly currentTree +-- caseless@0.12.0
102 silly currentTree +-- co@4.6.0
102 silly currentTree +-- colors@1.0.3
102 silly currentTree +-- combined-stream@1.0.5
102 silly currentTree +-- component-emitter@1.2.1
102 silly currentTree +-- component-inherit@0.0.3
102 silly currentTree +-- concat-map@0.0.1
102 silly currentTree +-- core-util-is@1.0.2
102 silly currentTree +-- cryptiles@2.0.5
102 silly currentTree +-- ctype@0.5.3
102 silly currentTree +-- cycle@1.0.3
102 silly currentTree +-- dashdash@1.14.1
102 silly currentTree | `-- assert-plus@1.0.0
102 silly currentTree +-- debug@2.3.3
102 silly currentTree +-- deep-equal@1.0.1
102 silly currentTree +-- delayed-stream@1.0.0
102 silly currentTree +-- dubapi@1.6.8
102 silly currentTree +-- ecc-jsbn@0.1.1
102 silly currentTree +-- engine.io-client@2.1.1
102 silly currentTree +-- engine.io-parser@2.0.2
102 silly currentTree +-- extend@3.0.1
102 silly currentTree +-- extsprintf@1.3.0
102 silly currentTree +-- eyes@0.1.8
102 silly currentTree +-- forever-agent@0.6.1
102 silly currentTree +-- form-data@2.1.4
102 silly currentTree +-- fs.realpath@1.0.0
102 silly currentTree +-- fs@0.0.1-security
102 silly currentTree +-- getpass@0.1.7
102 silly currentTree | `-- assert-plus@1.0.0
102 silly currentTree +-- glob@7.1.2
102 silly currentTree +-- har-schema@1.0.5
102 silly currentTree +-- har-validator@4.2.1
102 silly currentTree +-- has-binary@0.1.7
102 silly currentTree +-- has-cors@1.1.0
102 silly currentTree +-- hawk@3.1.3
102 silly currentTree +-- hoek@2.16.3
102 silly currentTree +-- http-signature@1.1.1
102 silly currentTree +-- i@0.3.5
102 silly currentTree +-- indexof@0.0.1
102 silly currentTree +-- inflight@1.0.6
102 silly currentTree +-- inherits@2.0.3
102 silly currentTree +-- is-typedarray@1.0.0
102 silly currentTree +-- isarray@0.0.1
102 silly currentTree +-- isstream@0.1.2
102 silly currentTree +-- jsbn@0.1.1
102 silly currentTree +-- json-schema@0.2.3
102 silly currentTree +-- json-stable-stringify@1.0.1
102 silly currentTree +-- json-stringify-safe@5.0.1
102 silly currentTree +-- jsonify@0.0.0
102 silly currentTree +-- jsonparse@1.3.1
102 silly currentTree +-- JSONStream@1.3.2
102 silly currentTree +-- jsprim@1.4.1
102 silly currentTree | `-- assert-plus@1.0.0
102 silly currentTree +-- mime-db@1.29.0
102 silly currentTree +-- mime-types@2.1.16
102 silly currentTree +-- minimatch@3.0.4
102 silly currentTree +-- minimist@0.0.8
102 silly currentTree +-- mkdirp@0.5.1
102 silly currentTree +-- ms@0.7.2
102 silly currentTree +-- mute-stream@0.0.7
102 silly currentTree +-- mysql@2.15.0
102 silly currentTree | +-- isarray@1.0.0
102 silly currentTree | +-- readable-stream@2.3.3
102 silly currentTree | `-- string_decoder@1.0.3
102 silly currentTree +-- ncp@0.4.2
102 silly currentTree +-- oauth-sign@0.8.2
102 silly currentTree +-- once@1.4.0
102 silly currentTree +-- options@0.0.6
102 silly currentTree +-- parsejson@0.0.3
102 silly currentTree +-- parseqs@0.0.5
102 silly currentTree +-- parser-toolkit@0.0.5
102 silly currentTree +-- parseuri@0.0.5
102 silly currentTree +-- path-is-absolute@1.0.1
102 silly currentTree +-- performance-now@0.2.0
102 silly currentTree +-- pkginfo@0.4.0
102 silly currentTree +-- process-nextick-args@1.0.7
102 silly currentTree +-- prompt@0.2.14
102 silly currentTree +-- punycode@1.4.1
102 silly currentTree +-- qs@6.4.0
102 silly currentTree +-- read@1.0.7
102 silly currentTree +-- readable-stream@1.0.34
102 silly currentTree +-- request@2.81.0
102 silly currentTree +-- revalidator@0.1.8
102 silly currentTree +-- rimraf@2.6.1
102 silly currentTree +-- safe-buffer@5.1.1
102 silly currentTree +-- sntp@1.0.9
102 silly currentTree +-- sqlstring@2.3.0
102 silly currentTree +-- sshpk@1.13.1
102 silly currentTree | `-- assert-plus@1.0.0
102 silly currentTree +-- stack-trace@0.0.10
102 silly currentTree +-- stream-json@0.6.1
102 silly currentTree +-- string_decoder@0.10.31
102 silly currentTree +-- stringstream@0.0.5
102 silly currentTree +-- through@2.3.8
102 silly currentTree +-- tough-cookie@2.3.2
102 silly currentTree +-- tunnel-agent@0.6.0
102 silly currentTree +-- tweetnacl@0.14.5
102 silly currentTree +-- ultron@1.0.2
102 silly currentTree +-- util-deprecate@1.0.2
102 silly currentTree +-- utile@0.2.1
102 silly currentTree +-- uuid@3.1.0
102 silly currentTree +-- verror@1.10.0
102 silly currentTree | `-- assert-plus@1.0.0
102 silly currentTree +-- winston@0.8.3
102 silly currentTree | +-- colors@0.6.2
102 silly currentTree | `-- pkginfo@0.3.1
102 silly currentTree +-- wrappy@1.0.2
102 silly currentTree +-- ws@1.1.2
102 silly currentTree +-- xmlhttprequest-ssl@1.5.3
102 silly currentTree +-- yeast@0.1.2
102 silly currentTree `-- youtube-node@1.3.2
102 silly currentTree   +-- asn1@0.1.11
102 silly currentTree   +-- assert-plus@0.1.5
102 silly currentTree   +-- async@0.9.2
102 silly currentTree   +-- aws-sign2@0.5.0
102 silly currentTree   +-- caseless@0.9.0
102 silly currentTree   +-- combined-stream@0.0.7
102 silly currentTree   +-- delayed-stream@0.0.5
102 silly currentTree   +-- forever-agent@0.5.2
102 silly currentTree   +-- form-data@0.2.0
102 silly currentTree   +-- hawk@2.3.1
102 silly currentTree   +-- http-signature@0.10.1
102 silly currentTree   +-- mime-db@1.12.0
102 silly currentTree   +-- mime-types@2.0.14
102 silly currentTree   +-- node-uuid@1.4.8
102 silly currentTree   +-- oauth-sign@0.6.0
102 silly currentTree   +-- qs@2.3.3
102 silly currentTree   +-- request@2.53.0
102 silly currentTree   `-- tunnel-agent@0.4.3
103 silly idealTree bot
103 silly idealTree +-- after@0.8.2
103 silly idealTree +-- ajv@4.11.8
103 silly idealTree +-- arraybuffer.slice@0.0.6
103 silly idealTree +-- asn1@0.2.3
103 silly idealTree +-- assert-plus@0.2.0
103 silly idealTree +-- async@0.2.10
103 silly idealTree +-- asynckit@0.4.0
103 silly idealTree +-- aws-sign2@0.6.0
103 silly idealTree +-- aws4@1.6.0
103 silly idealTree +-- balanced-match@1.0.0
103 silly idealTree +-- base64-arraybuffer@0.1.5
103 silly idealTree +-- bcrypt-pbkdf@1.0.1
103 silly idealTree +-- better-assert@1.0.2
103 silly idealTree +-- bignumber.js@4.0.4
103 silly idealTree +-- bl@0.9.5
103 silly idealTree +-- blob@0.0.4
103 silly idealTree +-- boom@2.10.1
103 silly idealTree +-- brace-expansion@1.1.8
103 silly idealTree +-- callsite@1.0.0
103 silly idealTree +-- caseless@0.12.0
103 silly idealTree +-- co@4.6.0
103 silly idealTree +-- colors@1.0.3
103 silly idealTree +-- combined-stream@1.0.5
103 silly idealTree +-- component-emitter@1.2.1
103 silly idealTree +-- component-inherit@0.0.3
103 silly idealTree +-- concat-map@0.0.1
103 silly idealTree +-- core-util-is@1.0.2
103 silly idealTree +-- cryptiles@2.0.5
103 silly idealTree +-- ctype@0.5.3
103 silly idealTree +-- cycle@1.0.3
103 silly idealTree +-- dashdash@1.14.1
103 silly idealTree | `-- assert-plus@1.0.0
103 silly idealTree +-- debug@2.3.3
103 silly idealTree +-- deep-equal@1.0.1
103 silly idealTree +-- delayed-stream@1.0.0
103 silly idealTree +-- dubapi@1.6.8
103 silly idealTree +-- ecc-jsbn@0.1.1
103 silly idealTree +-- engine.io-client@2.1.1
103 silly idealTree +-- engine.io-parser@2.0.2
103 silly idealTree +-- extend@3.0.1
103 silly idealTree +-- extsprintf@1.3.0
103 silly idealTree +-- eyes@0.1.8
103 silly idealTree +-- forever-agent@0.6.1
103 silly idealTree +-- form-data@2.1.4
103 silly idealTree +-- fs.realpath@1.0.0
103 silly idealTree +-- fs@0.0.1-security
103 silly idealTree +-- getpass@0.1.7
103 silly idealTree | `-- assert-plus@1.0.0
103 silly idealTree +-- glob@7.1.2
103 silly idealTree +-- har-schema@1.0.5
103 silly idealTree +-- har-validator@4.2.1
103 silly idealTree +-- has-binary@0.1.7
103 silly idealTree +-- has-cors@1.1.0
103 silly idealTree +-- hawk@3.1.3
103 silly idealTree +-- hoek@2.16.3
103 silly idealTree +-- http-signature@1.1.1
103 silly idealTree +-- i@0.3.5
103 silly idealTree +-- indexof@0.0.1
103 silly idealTree +-- inflight@1.0.6
103 silly idealTree +-- inherits@2.0.3
103 silly idealTree +-- is-typedarray@1.0.0
103 silly idealTree +-- isarray@0.0.1
103 silly idealTree +-- isstream@0.1.2
103 silly idealTree +-- jsbn@0.1.1
103 silly idealTree +-- json-schema@0.2.3
103 silly idealTree +-- json-stable-stringify@1.0.1
103 silly idealTree +-- json-stringify-safe@5.0.1
103 silly idealTree +-- jsonify@0.0.0
103 silly idealTree +-- jsonparse@1.3.1
103 silly idealTree +-- JSONStream@1.3.2
103 silly idealTree +-- jsprim@1.4.1
103 silly idealTree | `-- assert-plus@1.0.0
103 silly idealTree +-- mime-db@1.29.0
103 silly idealTree +-- mime-types@2.1.16
103 silly idealTree +-- minimatch@3.0.4
103 silly idealTree +-- minimist@0.0.8
103 silly idealTree +-- mkdirp@0.5.1
103 silly idealTree +-- ms@0.7.2
103 silly idealTree +-- mute-stream@0.0.7
103 silly idealTree +-- mysql@2.15.0
103 silly idealTree | +-- isarray@1.0.0
103 silly idealTree | +-- readable-stream@2.3.3
103 silly idealTree | `-- string_decoder@1.0.3
103 silly idealTree +-- nan@2.10.0
103 silly idealTree +-- ncp@0.4.2
103 silly idealTree +-- oauth-sign@0.8.2
103 silly idealTree +-- once@1.4.0
103 silly idealTree +-- options@0.0.6
103 silly idealTree +-- parsejson@0.0.3
103 silly idealTree +-- parseqs@0.0.5
103 silly idealTree +-- parser-toolkit@0.0.5
103 silly idealTree +-- parseuri@0.0.5
103 silly idealTree +-- path-is-absolute@1.0.1
103 silly idealTree +-- performance-now@0.2.0
103 silly idealTree +-- pkginfo@0.4.0
103 silly idealTree +-- process-nextick-args@1.0.7
103 silly idealTree +-- prompt@0.2.14
103 silly idealTree +-- punycode@1.4.1
103 silly idealTree +-- qs@6.4.0
103 silly idealTree +-- read@1.0.7
103 silly idealTree +-- readable-stream@1.0.34
103 silly idealTree +-- request@2.81.0
103 silly idealTree +-- revalidator@0.1.8
103 silly idealTree +-- rimraf@2.6.1
103 silly idealTree +-- safe-buffer@5.1.1
103 silly idealTree +-- sleep@5.1.1
103 silly idealTree +-- sntp@1.0.9
103 silly idealTree +-- sqlstring@2.3.0
103 silly idealTree +-- sshpk@1.13.1
103 silly idealTree | `-- assert-plus@1.0.0
103 silly idealTree +-- stack-trace@0.0.10
103 silly idealTree +-- stream-json@0.6.1
103 silly idealTree +-- string_decoder@0.10.31
103 silly idealTree +-- stringstream@0.0.5
103 silly idealTree +-- through@2.3.8
103 silly idealTree +-- tough-cookie@2.3.2
103 silly idealTree +-- tunnel-agent@0.6.0
103 silly idealTree +-- tweetnacl@0.14.5
103 silly idealTree +-- ultron@1.0.2
103 silly idealTree +-- util-deprecate@1.0.2
103 silly idealTree +-- utile@0.2.1
103 silly idealTree +-- uuid@3.1.0
103 silly idealTree +-- verror@1.10.0
103 silly idealTree | `-- assert-plus@1.0.0
103 silly idealTree +-- winston@0.8.3
103 silly idealTree | +-- colors@0.6.2
103 silly idealTree | `-- pkginfo@0.3.1
103 silly idealTree +-- wrappy@1.0.2
103 silly idealTree +-- ws@1.1.2
103 silly idealTree +-- xmlhttprequest-ssl@1.5.3
103 silly idealTree +-- yeast@0.1.2
103 silly idealTree `-- youtube-node@1.3.2
103 silly idealTree   +-- asn1@0.1.11
103 silly idealTree   +-- assert-plus@0.1.5
103 silly idealTree   +-- async@0.9.2
103 silly idealTree   +-- aws-sign2@0.5.0
103 silly idealTree   +-- caseless@0.9.0
103 silly idealTree   +-- combined-stream@0.0.7
103 silly idealTree   +-- delayed-stream@0.0.5
103 silly idealTree   +-- forever-agent@0.5.2
103 silly idealTree   +-- form-data@0.2.0
103 silly idealTree   +-- hawk@2.3.1
103 silly idealTree   +-- http-signature@0.10.1
103 silly idealTree   +-- mime-db@1.12.0
103 silly idealTree   +-- mime-types@2.0.14
103 silly idealTree   +-- node-uuid@1.4.8
103 silly idealTree   +-- oauth-sign@0.6.0
103 silly idealTree   +-- qs@2.3.3
103 silly idealTree   +-- request@2.53.0
103 silly idealTree   `-- tunnel-agent@0.4.3
104 silly generateActionsToTake Starting
105 silly install generateActionsToTake
106 silly generateActionsToTake Finishing
107 silly diffTrees action count 2
108 silly diffTrees add nan@2.10.0
109 silly diffTrees add sleep@5.1.1
110 silly decomposeActions action count 16
111 silly decomposeActions fetch nan@2.10.0
112 silly decomposeActions extract nan@2.10.0
113 silly decomposeActions test nan@2.10.0
114 silly decomposeActions preinstall nan@2.10.0
115 silly decomposeActions build nan@2.10.0
116 silly decomposeActions install nan@2.10.0
117 silly decomposeActions postinstall nan@2.10.0
118 silly decomposeActions finalize nan@2.10.0
119 silly decomposeActions fetch sleep@5.1.1
120 silly decomposeActions extract sleep@5.1.1
121 silly decomposeActions test sleep@5.1.1
122 silly decomposeActions preinstall sleep@5.1.1
123 silly decomposeActions build sleep@5.1.1
124 silly decomposeActions install sleep@5.1.1
125 silly decomposeActions postinstall sleep@5.1.1
126 silly decomposeActions finalize sleep@5.1.1
127 silly runTopLevelLifecycles Starting
128 silly executeActions Starting
129 silly install executeActions
130 silly doSerial global-install 0
131 silly doParallel fetch 2
132 verbose correctMkdir C:\Users\Devin\AppData\Roaming\npm-cache\_locks correctMkdir not in flight; initializing
133 verbose lock using C:\Users\Devin\AppData\Roaming\npm-cache\_locks\staging-235a98e87a06eecd.lock for C:\projects\bot\node_modules\.staging
134 silly doParallel extract 2
135 silly extract nan@2.10.0
136 silly extract sleep@5.1.1
137 verbose unbuild node_modules\.staging\nan-863acea7
138 verbose unbuild node_modules\.staging\sleep-21d04ee4
139 silly gentlyRm C:\projects\bot\node_modules\.staging\nan-863acea7 is being purged from base C:\projects\bot
140 verbose gentlyRm don't care about contents; nuking C:\projects\bot\node_modules\.staging\nan-863acea7
141 verbose tar unpack C:\Users\Devin\AppData\Roaming\npm-cache\nan\2.10.0\package.tgz
142 verbose tar unpacking to C:\projects\bot\node_modules\.staging\nan-863acea7
143 silly gentlyRm C:\projects\bot\node_modules\.staging\nan-863acea7 is being purged
144 verbose gentlyRm don't care about contents; nuking C:\projects\bot\node_modules\.staging\nan-863acea7
145 silly gentlyRm C:\projects\bot\node_modules\.staging\sleep-21d04ee4 is being purged from base C:\projects\bot
146 verbose gentlyRm don't care about contents; nuking C:\projects\bot\node_modules\.staging\sleep-21d04ee4
147 silly gunzTarPerm modes [ '777', '666' ]
148 verbose tar unpack C:\Users\Devin\AppData\Roaming\npm-cache\sleep\5.1.1\package.tgz
149 verbose tar unpacking to C:\projects\bot\node_modules\.staging\sleep-21d04ee4
150 silly gentlyRm C:\projects\bot\node_modules\.staging\sleep-21d04ee4 is being purged
151 verbose gentlyRm don't care about contents; nuking C:\projects\bot\node_modules\.staging\sleep-21d04ee4
152 silly gunzTarPerm modes [ '777', '666' ]
153 silly gunzTarPerm extractEntry package.json
154 silly gunzTarPerm modified mode [ 'package.json', 436, 438 ]
155 silly gunzTarPerm extractEntry package.json
156 silly gunzTarPerm modified mode [ 'package.json', 436, 438 ]
157 silly gunzTarPerm extractEntry CHANGELOG.md
158 silly gunzTarPerm modified mode [ 'CHANGELOG.md', 436, 438 ]
159 silly gunzTarPerm extractEntry include_dirs.js
160 silly gunzTarPerm modified mode [ 'include_dirs.js', 436, 438 ]
161 silly gunzTarPerm extractEntry .npmignore
162 silly gunzTarPerm modified mode [ '.npmignore', 436, 438 ]
163 silly gunzTarPerm extractEntry README.md
164 silly gunzTarPerm modified mode [ 'README.md', 436, 438 ]
165 silly gunzTarPerm extractEntry LICENSE.md
166 silly gunzTarPerm modified mode [ 'LICENSE.md', 436, 438 ]
167 silly gunzTarPerm extractEntry nan_callbacks_12_inl.h
168 silly gunzTarPerm modified mode [ 'nan_callbacks_12_inl.h', 436, 438 ]
169 silly gunzTarPerm extractEntry nan_callbacks_pre_12_inl.h
170 silly gunzTarPerm modified mode [ 'nan_callbacks_pre_12_inl.h', 436, 438 ]
171 silly gunzTarPerm extractEntry test.js
172 silly gunzTarPerm modified mode [ 'test.js', 436, 438 ]
173 silly gunzTarPerm extractEntry index.js
174 silly gunzTarPerm modified mode [ 'index.js', 436, 438 ]
175 silly gunzTarPerm extractEntry nan_callbacks.h
176 silly gunzTarPerm modified mode [ 'nan_callbacks.h', 436, 438 ]
177 silly gunzTarPerm extractEntry LICENSE.txt
178 silly gunzTarPerm modified mode [ 'LICENSE.txt', 436, 438 ]
179 silly gunzTarPerm extractEntry sleep.cc
180 silly gunzTarPerm modified mode [ 'sleep.cc', 436, 438 ]
181 silly gunzTarPerm extractEntry nan_converters_43_inl.h
182 silly gunzTarPerm modified mode [ 'nan_converters_43_inl.h', 436, 438 ]
183 silly gunzTarPerm extractEntry nan_converters_pre_43_inl.h
184 silly gunzTarPerm modified mode [ 'nan_converters_pre_43_inl.h', 436, 438 ]
185 silly gunzTarPerm extractEntry binding.gyp
186 silly gunzTarPerm modified mode [ 'binding.gyp', 436, 438 ]
187 silly gunzTarPerm extractEntry nan_converters.h
188 silly gunzTarPerm modified mode [ 'nan_converters.h', 436, 438 ]
189 silly gunzTarPerm extractEntry nan_define_own_property_helper.h
190 silly gunzTarPerm modified mode [ 'nan_define_own_property_helper.h', 436, 438 ]
191 silly gunzTarPerm extractEntry nan_implementation_12_inl.h
192 silly gunzTarPerm modified mode [ 'nan_implementation_12_inl.h', 436, 438 ]
193 silly gunzTarPerm extractEntry nan_implementation_pre_12_inl.h
194 silly gunzTarPerm modified mode [ 'nan_implementation_pre_12_inl.h', 436, 438 ]
195 silly gunzTarPerm extractEntry nan_json.h
196 silly gunzTarPerm modified mode [ 'nan_json.h', 436, 438 ]
197 silly gunzTarPerm extractEntry nan_maybe_43_inl.h
198 silly gunzTarPerm modified mode [ 'nan_maybe_43_inl.h', 436, 438 ]
199 silly gunzTarPerm extractEntry nan_maybe_pre_43_inl.h
200 silly gunzTarPerm modified mode [ 'nan_maybe_pre_43_inl.h', 436, 438 ]
201 silly gunzTarPerm extractEntry nan_new.h
202 silly gunzTarPerm modified mode [ 'nan_new.h', 436, 438 ]
203 silly gunzTarPerm extractEntry nan_object_wrap.h
204 silly gunzTarPerm modified mode [ 'nan_object_wrap.h', 436, 438 ]
205 silly gunzTarPerm extractEntry nan_persistent_12_inl.h
206 silly gunzTarPerm modified mode [ 'nan_persistent_12_inl.h', 436, 438 ]
207 silly gunzTarPerm extractEntry nan_persistent_pre_12_inl.h
208 silly gunzTarPerm modified mode [ 'nan_persistent_pre_12_inl.h', 436, 438 ]
209 silly gunzTarPerm extractEntry nan_private.h
210 silly gunzTarPerm modified mode [ 'nan_private.h', 436, 438 ]
211 silly gunzTarPerm extractEntry nan_string_bytes.h
212 silly gunzTarPerm modified mode [ 'nan_string_bytes.h', 436, 438 ]
213 silly gunzTarPerm extractEntry nan_typedarray_contents.h
214 silly gunzTarPerm modified mode [ 'nan_typedarray_contents.h', 436, 438 ]
215 silly gunzTarPerm extractEntry nan_weak.h
216 silly gunzTarPerm modified mode [ 'nan_weak.h', 436, 438 ]
217 silly gentlyRm C:\projects\bot\node_modules\.staging\sleep-21d04ee4\node_modules is being purged
218 verbose gentlyRm don't care about contents; nuking C:\projects\bot\node_modules\.staging\sleep-21d04ee4\node_modules
219 silly gunzTarPerm extractEntry nan.h
220 silly gunzTarPerm modified mode [ 'nan.h', 436, 438 ]
221 silly gunzTarPerm extractEntry README.md
222 silly gunzTarPerm modified mode [ 'README.md', 436, 438 ]
223 silly gunzTarPerm extractEntry doc/asyncworker.md
224 silly gunzTarPerm modified mode [ 'doc/asyncworker.md', 436, 438 ]
225 silly gunzTarPerm extractEntry doc/buffers.md
226 silly gunzTarPerm modified mode [ 'doc/buffers.md', 436, 438 ]
227 silly gunzTarPerm extractEntry doc/callback.md
228 silly gunzTarPerm modified mode [ 'doc/callback.md', 436, 438 ]
229 silly gunzTarPerm extractEntry doc/converters.md
230 silly gunzTarPerm modified mode [ 'doc/converters.md', 436, 438 ]
231 silly gunzTarPerm extractEntry doc/errors.md
232 silly gunzTarPerm modified mode [ 'doc/errors.md', 436, 438 ]
233 silly gunzTarPerm extractEntry doc/json.md
234 silly gunzTarPerm modified mode [ 'doc/json.md', 436, 438 ]
235 silly gunzTarPerm extractEntry doc/maybe_types.md
236 silly gunzTarPerm modified mode [ 'doc/maybe_types.md', 436, 438 ]
237 silly gunzTarPerm extractEntry doc/methods.md
238 silly gunzTarPerm modified mode [ 'doc/methods.md', 436, 438 ]
239 silly gunzTarPerm extractEntry doc/new.md
240 silly gunzTarPerm modified mode [ 'doc/new.md', 436, 438 ]
241 silly gunzTarPerm extractEntry doc/node_misc.md
242 silly gunzTarPerm modified mode [ 'doc/node_misc.md', 436, 438 ]
243 silly gunzTarPerm extractEntry doc/object_wrappers.md
244 silly gunzTarPerm modified mode [ 'doc/object_wrappers.md', 436, 438 ]
245 silly gunzTarPerm extractEntry doc/persistent.md
246 silly gunzTarPerm modified mode [ 'doc/persistent.md', 436, 438 ]
247 silly gunzTarPerm extractEntry doc/scopes.md
248 silly gunzTarPerm modified mode [ 'doc/scopes.md', 436, 438 ]
249 silly gunzTarPerm extractEntry doc/script.md
250 silly gunzTarPerm modified mode [ 'doc/script.md', 436, 438 ]
251 silly gunzTarPerm extractEntry doc/string_bytes.md
252 silly gunzTarPerm modified mode [ 'doc/string_bytes.md', 436, 438 ]
253 silly gunzTarPerm extractEntry doc/v8_internals.md
254 silly gunzTarPerm modified mode [ 'doc/v8_internals.md', 436, 438 ]
255 silly gunzTarPerm extractEntry doc/v8_misc.md
256 silly gunzTarPerm modified mode [ 'doc/v8_misc.md', 436, 438 ]
257 silly gunzTarPerm extractEntry tools/1to2.js
258 silly gunzTarPerm modified mode [ 'tools/1to2.js', 509, 511 ]
259 silly gunzTarPerm extractEntry tools/package.json
260 silly gunzTarPerm modified mode [ 'tools/package.json', 436, 438 ]
261 silly gunzTarPerm extractEntry tools/README.md
262 silly gunzTarPerm modified mode [ 'tools/README.md', 436, 438 ]
263 silly gentlyRm C:\projects\bot\node_modules\.staging\nan-863acea7\node_modules is being purged
264 verbose gentlyRm don't care about contents; nuking C:\projects\bot\node_modules\.staging\nan-863acea7\node_modules
265 silly doParallel preinstall 2
266 silly preinstall nan@2.10.0
267 info lifecycle nan@2.10.0~preinstall: nan@2.10.0
268 silly preinstall sleep@5.1.1
269 info lifecycle sleep@5.1.1~preinstall: sleep@5.1.1
270 silly lifecycle nan@2.10.0~preinstall: no script for preinstall, continuing
271 silly lifecycle sleep@5.1.1~preinstall: no script for preinstall, continuing
272 silly doReverseSerial remove 0
273 silly doSerial move 0
274 silly doSerial finalize 2
275 silly finalize C:\projects\bot\node_modules\nan
276 silly finalize C:\projects\bot\node_modules\sleep
277 silly doSerial build 2
278 silly build nan@2.10.0
279 info linkStuff nan@2.10.0
280 silly linkStuff nan@2.10.0 has C:\projects\bot\node_modules as its parent node_modules
281 verbose linkBins nan@2.10.0
282 verbose linkMans nan@2.10.0
283 silly build sleep@5.1.1
284 info linkStuff sleep@5.1.1
285 silly linkStuff sleep@5.1.1 has C:\projects\bot\node_modules as its parent node_modules
286 verbose linkBins sleep@5.1.1
287 verbose linkMans sleep@5.1.1
288 silly doSerial global-link 0
289 silly doParallel update-linked 0
290 silly doSerial install 2
291 silly install nan@2.10.0
292 info lifecycle nan@2.10.0~install: nan@2.10.0
293 silly lifecycle nan@2.10.0~install: no script for install, continuing
294 silly install sleep@5.1.1
295 info lifecycle sleep@5.1.1~install: sleep@5.1.1
296 verbose lifecycle sleep@5.1.1~install: unsafe-perm in lifecycle true
297 verbose lifecycle sleep@5.1.1~install: PATH: C:\Users\Devin\AppData\Roaming\npm\node_modules\npm\bin\node-gyp-bin;C:\projects\bot\node_modules\sleep\node_modules\.bin;C:\projects\bot\node_modules\.bin;C:\Program Files\Haskell\bin;C:\Program Files\Haskell Platform\8.2.1\lib\extralibs\bin;C:\Program Files\Haskell Platform\8.2.1\bin;C:\ProgramData\Oracle\Java\javapath;C:\Program Files\ImageMagick-6.9.1-Q16;C:\ImageMagick-6.9.1-Q16;c:\Program Files (x86)\Intel\iCLS Client\;c:\Program Files\Intel\iCLS Client\;C:\WINDOWS\system32;C:\WINDOWS;C:\WINDOWS\System32\Wbem;C:\WINDOWS\System32\WindowsPowerShell\v1.0\;C:\Program Files\Intel\Intel(R) Management Engine Components\DAL;C:\Program Files\Intel\Intel(R) Management Engine Components\IPT;C:\Program Files (x86)\Intel\Intel(R) Management Engine Components\DAL;C:\Program Files (x86)\Intel\Intel(R) Management Engine Components\IPT;C:\Program Files (x86)\Windows Live\Shared;c:\Python27;c:\Python27\Scripts;C:\Program Files (x86)\Heroku\bin;C:\Program Files (x86)\git\cmd;C:\Program Files\erl8.0\bin;C:\Program Files (x86)\Elixir\bin;C:\WINDOWS\system32\config\systemprofile\.mix\escripts;C:\ProgramData\chocolatey\bin;C:\Program Files (x86)\Skype\Phone\;C:\Program Files\Microsoft SQL Server\Client SDK\ODBC\130\Tools\Binn\;C:\Program Files (x86)\Microsoft SQL Server\130\Tools\Binn\;C:\Program Files\Microsoft SQL Server\130\Tools\Binn\;C:\Program Files\Microsoft SQL Server\130\DTS\Binn\;C:\Program Files (x86)\Microsoft SQL Server\Client SDK\ODBC\130\Tools\Binn\;C:\Program Files (x86)\Microsoft SQL Server\130\DTS\Binn\;C:\Program Files (x86)\Microsoft SQL Server\130\Tools\Binn\ManagementStudio\;C:\Program Files\nodejs\;C:\Program Files\PostgreSQL\9.6\bin;C:\Program Files\Git\cmd;C:\Program Files\Haskell Platform\8.2.1\mingw\bin;C:\WINDOWS\system32\config\systemprofile\AppData\Local\Programs\Python\Python36-32\Scripts;C:\Program Files\Amazon\AWSCLI\;C:\Users\Devin\AppData\Roaming\cabal\bin;C:\Users\Devin\AppData\Roaming\local\bin;C:\Users\Devin\appdata\local\scoop\shims;C:\RailsInstaller\Git\cmd;C:\RailsInstaller\Ruby2.1.0\bin;C:\Program Files\MySQL\MySQL Server 5.6\bin;C:\Users\Devin\AppData\Local\atom\bin;C:\Program Files (x86)\Microsoft VS Code\bin,C:\Users\Devin\AppData\Local\Android\sdk\tools,C:\Users\AppData\Local\Android\sdk\platform-tools;C:\Users\Devin\AppData\Roaming\npm;C:\Program Files\Docker Toolbox;C:\Users\Devin\AppData\Local\Programs\Python\Python36-32\Scripts
298 verbose lifecycle sleep@5.1.1~install: CWD: C:\projects\bot\node_modules\sleep
299 silly lifecycle sleep@5.1.1~install: Args: [ '/d /s /c', 'node-gyp rebuild' ]
300 silly lifecycle sleep@5.1.1~install: Returned: code: 1  signal: null
301 info lifecycle sleep@5.1.1~install: Failed to exec install script
302 verbose unlock done using C:\Users\Devin\AppData\Roaming\npm-cache\_locks\staging-235a98e87a06eecd.lock for C:\projects\bot\node_modules\.staging
303 silly rollbackFailedOptional Starting
304 silly gentlyRm C:\projects\bot\node_modules\nan is being purged from base C:\projects\bot
305 verbose gentlyRm don't care about contents; nuking C:\projects\bot\node_modules\nan
306 silly gentlyRm C:\projects\bot\node_modules\nan is being purged from base C:\projects\bot
307 verbose gentlyRm don't care about contents; nuking C:\projects\bot\node_modules\nan
308 silly gentlyRm C:\projects\bot\node_modules\nan is being purged from base C:\projects\bot
309 verbose gentlyRm don't care about contents; nuking C:\projects\bot\node_modules\nan
310 silly gentlyRm C:\projects\bot\node_modules\nan is being purged from base C:\projects\bot
311 verbose gentlyRm don't care about contents; nuking C:\projects\bot\node_modules\nan
312 silly gentlyRm C:\projects\bot\node_modules\nan is being purged from base C:\projects\bot
313 verbose gentlyRm don't care about contents; nuking C:\projects\bot\node_modules\nan
314 silly gentlyRm C:\projects\bot\node_modules\nan is being purged from base C:\projects\bot
315 verbose gentlyRm don't care about contents; nuking C:\projects\bot\node_modules\nan
316 silly gentlyRm C:\projects\bot\node_modules\nan is being purged from base C:\projects\bot
317 verbose gentlyRm don't care about contents; nuking C:\projects\bot\node_modules\nan
318 silly gentlyRm C:\projects\bot\node_modules\nan is being purged from base C:\projects\bot
319 verbose gentlyRm don't care about contents; nuking C:\projects\bot\node_modules\nan
320 silly gentlyRm C:\projects\bot\node_modules\sleep is being purged from base C:\projects\bot
321 verbose gentlyRm don't care about contents; nuking C:\projects\bot\node_modules\sleep
322 silly gentlyRm C:\projects\bot\node_modules\sleep is being purged from base C:\projects\bot
323 verbose gentlyRm don't care about contents; nuking C:\projects\bot\node_modules\sleep
324 silly gentlyRm C:\projects\bot\node_modules\sleep is being purged from base C:\projects\bot
325 verbose gentlyRm don't care about contents; nuking C:\projects\bot\node_modules\sleep
326 silly gentlyRm C:\projects\bot\node_modules\sleep is being purged from base C:\projects\bot
327 verbose gentlyRm don't care about contents; nuking C:\projects\bot\node_modules\sleep
328 silly gentlyRm C:\projects\bot\node_modules\sleep is being purged from base C:\projects\bot
329 verbose gentlyRm don't care about contents; nuking C:\projects\bot\node_modules\sleep
330 silly gentlyRm C:\projects\bot\node_modules\sleep is being purged from base C:\projects\bot
331 verbose gentlyRm don't care about contents; nuking C:\projects\bot\node_modules\sleep
332 silly gentlyRm C:\projects\bot\node_modules\sleep is being purged from base C:\projects\bot
333 verbose gentlyRm don't care about contents; nuking C:\projects\bot\node_modules\sleep
334 silly gentlyRm C:\projects\bot\node_modules\sleep is being purged from base C:\projects\bot
335 verbose gentlyRm don't care about contents; nuking C:\projects\bot\node_modules\sleep
336 silly vacuum-fs purging C:\projects\bot\node_modules\nan
337 silly vacuum-fs purging C:\projects\bot\node_modules\nan
338 silly vacuum-fs purging C:\projects\bot\node_modules\nan
339 silly vacuum-fs purging C:\projects\bot\node_modules\nan
340 silly vacuum-fs purging C:\projects\bot\node_modules\nan
341 silly vacuum-fs purging C:\projects\bot\node_modules\nan
342 silly vacuum-fs purging C:\projects\bot\node_modules\nan
343 silly vacuum-fs purging C:\projects\bot\node_modules\nan
344 silly vacuum-fs purging C:\projects\bot\node_modules\sleep
345 silly vacuum-fs purging C:\projects\bot\node_modules\sleep
346 silly vacuum-fs purging C:\projects\bot\node_modules\sleep
347 silly vacuum-fs purging C:\projects\bot\node_modules\sleep
348 silly vacuum-fs purging C:\projects\bot\node_modules\sleep
349 silly vacuum-fs purging C:\projects\bot\node_modules\sleep
350 silly vacuum-fs purging C:\projects\bot\node_modules\sleep
351 silly vacuum-fs purging C:\projects\bot\node_modules\sleep
352 silly vacuum-fs quitting because other entries in C:\projects\bot\node_modules
353 silly vacuum-fs quitting because other entries in C:\projects\bot\node_modules
354 silly vacuum-fs quitting because other entries in C:\projects\bot\node_modules
355 silly vacuum-fs quitting because other entries in C:\projects\bot\node_modules
356 silly vacuum-fs quitting because other entries in C:\projects\bot\node_modules
357 silly vacuum-fs quitting because other entries in C:\projects\bot\node_modules
358 silly vacuum-fs quitting because other entries in C:\projects\bot\node_modules
359 silly vacuum-fs quitting because other entries in C:\projects\bot\node_modules
360 silly vacuum-fs quitting because other entries in C:\projects\bot\node_modules
361 silly vacuum-fs quitting because other entries in C:\projects\bot\node_modules
362 silly vacuum-fs quitting because other entries in C:\projects\bot\node_modules
363 silly vacuum-fs quitting because other entries in C:\projects\bot\node_modules
364 silly vacuum-fs quitting because other entries in C:\projects\bot\node_modules
365 silly vacuum-fs quitting because other entries in C:\projects\bot\node_modules
366 silly vacuum-fs quitting because other entries in C:\projects\bot\node_modules
367 silly vacuum-fs quitting because other entries in C:\projects\bot\node_modules
368 silly rollbackFailedOptional Finishing
369 silly runTopLevelLifecycles Finishing
370 silly install printInstalled
371 warn enoent ENOENT: no such file or directory, open 'C:\projects\bot\package.json'
372 verbose enoent ENOENT: no such file or directory, open 'C:\projects\bot\package.json'
372 verbose enoent This is most likely not a problem with npm itself
372 verbose enoent and is related to npm not being able to find a file.
373 warn bot No description
374 verbose If you need help, you may report this error at:
374 verbose     <https://github.com/npm/npm/issues>
375 warn bot No repository field.
376 verbose If you need help, you may report this error at:
376 verbose     <https://github.com/npm/npm/issues>
377 warn bot No README data
378 verbose If you need help, you may report this error at:
378 verbose     <https://github.com/npm/npm/issues>
379 warn bot No license field.
380 verbose If you need help, you may report this error at:
380 verbose     <https://github.com/npm/npm/issues>
381 verbose stack Error: sleep@5.1.1 install: `node-gyp rebuild`
381 verbose stack Exit status 1
381 verbose stack     at EventEmitter.<anonymous> (C:\Users\Devin\AppData\Roaming\npm\node_modules\npm\lib\utils\lifecycle.js:279:16)
381 verbose stack     at emitTwo (events.js:106:13)
381 verbose stack     at EventEmitter.emit (events.js:191:7)
381 verbose stack     at ChildProcess.<anonymous> (C:\Users\Devin\AppData\Roaming\npm\node_modules\npm\lib\utils\spawn.js:40:14)
381 verbose stack     at emitTwo (events.js:106:13)
381 verbose stack     at ChildProcess.emit (events.js:191:7)
381 verbose stack     at maybeClose (internal/child_process.js:891:16)
381 verbose stack     at Process.ChildProcess._handle.onexit (internal/child_process.js:226:5)
382 verbose pkgid sleep@5.1.1
383 verbose cwd C:\projects\bot
384 error Windows_NT 10.0.10240
385 error argv "C:\\Program Files\\nodejs\\node.exe" "C:\\Users\\Devin\\AppData\\Roaming\\npm\\node_modules\\npm\\bin\\npm-cli.js" "install" "sleep"
386 error node v6.11.2
387 error npm  v4.0.5
388 error code ELIFECYCLE
389 error sleep@5.1.1 install: `node-gyp rebuild`
389 error Exit status 1
390 error Failed at the sleep@5.1.1 install script 'node-gyp rebuild'.
390 error Make sure you have the latest version of node.js and npm installed.
390 error If you do, this is most likely a problem with the sleep package,
390 error not with npm itself.
390 error Tell the author that this fails on your system:
390 error     node-gyp rebuild
390 error You can get information on how to open an issue for this project with:
390 error     npm bugs sleep
390 error Or if that isn't available, you can get their info via:
390 error     npm owner ls sleep
390 error There is likely additional logging output above.
391 verbose exit [ 1, true ]
